2020-11-12 16:12:18,012 INFO com.todo.TodoServiceApplication [main] Starting TodoServiceApplication on DESKTOP-UNOV5A8 with PID 17520 (C:\siva\todo\todo-service\build\classes\java\main started by aruna in C:\siva\todo\todo-service)
2020-11-12 16:12:18,014 DEBUG com.todo.TodoServiceApplication [main] Running with Spring Boot v2.3.5.RELEASE, Spring v5.2.10.RELEASE
2020-11-12 16:12:18,015 INFO com.todo.TodoServiceApplication [main] No active profile set, falling back to default profiles: default
2020-11-12 16:12:19,605 INFO com.todo.TodoServiceApplication [main] Started TodoServiceApplication in 1.977 seconds (JVM running for 2.469)
2020-11-12 16:25:06,060 INFO com.todo.TodoServiceApplication [main] Starting TodoServiceApplication on DESKTOP-UNOV5A8 with PID 18904 (C:\siva\todo\todo-service\build\classes\java\main started by aruna in C:\siva\todo\todo-service)
2020-11-12 16:25:06,064 DEBUG com.todo.TodoServiceApplication [main] Running with Spring Boot v2.3.5.RELEASE, Spring v5.2.10.RELEASE
2020-11-12 16:25:06,064 INFO com.todo.TodoServiceApplication [main] No active profile set, falling back to default profiles: default
2020-11-12 16:25:07,799 INFO com.todo.TodoServiceApplication [main] Started TodoServiceApplication in 2.183 seconds (JVM running for 2.926)
2020-11-12 16:26:28,453 INFO com.todo.TodoServiceApplication [main] Starting TodoServiceApplication on DESKTOP-UNOV5A8 with PID 2880 (C:\siva\todo\todo-service\build\classes\java\main started by aruna in C:\siva\todo\todo-service)
2020-11-12 16:26:28,455 DEBUG com.todo.TodoServiceApplication [main] Running with Spring Boot v2.3.5.RELEASE, Spring v5.2.10.RELEASE
2020-11-12 16:26:28,456 INFO com.todo.TodoServiceApplication [main] No active profile set, falling back to default profiles: default
2020-11-12 16:26:29,515 INFO org.springframework.boot.web.embedded.tomcat.TomcatWebServer [main] Tomcat initialized with port(s): 9195 (http)
2020-11-12 16:26:29,527 INFO org.apache.coyote.http11.Http11NioProtocol [main] Initializing ProtocolHandler ["http-nio-9195"]
2020-11-12 16:26:29,528 INFO org.apache.catalina.core.StandardService [main] Starting service [Tomcat]
2020-11-12 16:26:29,528 INFO org.apache.catalina.core.StandardEngine [main] Starting Servlet engine: [Apache Tomcat/9.0.39]
2020-11-12 16:26:29,625 INFO org.apache.catalina.core.ContainerBase.[Tomcat].[localhost].[/] [main] Initializing Spring embedded WebApplicationContext
2020-11-12 16:26:29,626 INFO org.springframework.boot.web.servlet.context.ServletWebServerApplicationContext [main] Root WebApplicationContext: initialization completed in 1116 ms
2020-11-12 16:26:29,812 INFO org.springframework.scheduling.concurrent.ThreadPoolTaskExecutor [main] Initializing ExecutorService 'applicationTaskExecutor'
2020-11-12 16:26:30,014 INFO org.apache.coyote.http11.Http11NioProtocol [main] Starting ProtocolHandler ["http-nio-9195"]
2020-11-12 16:26:30,067 INFO org.springframework.boot.web.embedded.tomcat.TomcatWebServer [main] Tomcat started on port(s): 9195 (http) with context path ''
2020-11-12 16:26:30,079 INFO com.todo.TodoServiceApplication [main] Started TodoServiceApplication in 1.957 seconds (JVM running for 2.494)
2020-11-12 16:27:15,518 INFO org.apache.catalina.core.ContainerBase.[Tomcat].[localhost].[/] [http-nio-9195-exec-3] Initializing Spring DispatcherServlet 'dispatcherServlet'
2020-11-12 16:27:15,519 INFO org.springframework.web.servlet.DispatcherServlet [http-nio-9195-exec-3] Initializing Servlet 'dispatcherServlet'
2020-11-12 16:27:15,527 INFO org.springframework.web.servlet.DispatcherServlet [http-nio-9195-exec-3] Completed initialization in 8 ms
2020-11-12 16:29:12,452 INFO org.springframework.boot.test.autoconfigure.web.servlet.WebMvcTestContextBootstrapper [Test worker] Neither @ContextConfiguration nor @ContextHierarchy found for test class [com.todo.TodoControllerTest], using SpringBootContextLoader
2020-11-12 16:29:12,459 INFO org.springframework.test.context.support.AbstractContextLoader [Test worker] Could not detect default resource locations for test class [com.todo.TodoControllerTest]: no resource found for suffixes {-context.xml, Context.groovy}.
2020-11-12 16:29:12,460 INFO org.springframework.test.context.support.AnnotationConfigContextLoaderUtils [Test worker] Could not detect default configuration classes for test class [com.todo.TodoControllerTest]: TodoControllerTest does not declare any static, non-private, non-final, nested classes annotated with @Configuration.
2020-11-12 16:29:12,615 INFO org.springframework.boot.test.context.SpringBootTestContextBootstrapper [Test worker] Found @SpringBootConfiguration com.todo.TodoServiceApplication for test class com.todo.TodoControllerTest
2020-11-12 16:29:12,622 INFO org.springframework.boot.test.autoconfigure.web.servlet.WebMvcTestContextBootstrapper [Test worker] Loaded default TestExecutionListener class names from location [META-INF/spring.factories]: [org.springframework.boot.test.autoconfigure.restdocs.RestDocsTestExecutionListener, org.springframework.boot.test.autoconfigure.web.client.MockRestServiceServerResetTestExecutionListener, org.springframework.boot.test.autoconfigure.web.servlet.MockMvcPrintOnlyOnFailureTestExecutionListener, org.springframework.boot.test.autoconfigure.web.servlet.WebDriverTestExecutionListener, org.springframework.boot.test.autoconfigure.webservices.client.MockWebServiceServerTestExecutionListener, org.springframework.boot.test.mock.mockito.MockitoTestExecutionListener, org.springframework.boot.test.mock.mockito.ResetMocksTestExecutionListener, org.springframework.test.context.web.ServletTestExecutionListener, org.springframework.test.context.support.DirtiesContextBeforeModesTestExecutionListener, org.springframework.test.context.support.DependencyInjectionTestExecutionListener, org.springframework.test.context.support.DirtiesContextTestExecutionListener, org.springframework.test.context.transaction.TransactionalTestExecutionListener, org.springframework.test.context.jdbc.SqlScriptsTestExecutionListener, org.springframework.test.context.event.EventPublishingTestExecutionListener]
2020-11-12 16:29:12,634 INFO org.springframework.boot.test.autoconfigure.web.servlet.WebMvcTestContextBootstrapper [Test worker] Using TestExecutionListeners: [org.springframework.test.context.web.ServletTestExecutionListener@3e87e682, org.springframework.test.context.support.DirtiesContextBeforeModesTestExecutionListener@8367c0b, org.springframework.boot.test.mock.mockito.MockitoTestExecutionListener@31b9edc2, org.springframework.boot.test.autoconfigure.SpringBootDependencyInjectionTestExecutionListener@117b059, org.springframework.test.context.support.DirtiesContextTestExecutionListener@25f50f, org.springframework.test.context.event.EventPublishingTestExecutionListener@3bc81724, org.springframework.boot.test.autoconfigure.restdocs.RestDocsTestExecutionListener@45e12a62, org.springframework.boot.test.autoconfigure.web.client.MockRestServiceServerResetTestExecutionListener@79c8cfff, org.springframework.boot.test.autoconfigure.web.servlet.MockMvcPrintOnlyOnFailureTestExecutionListener@56ead044, org.springframework.boot.test.autoconfigure.web.servlet.WebDriverTestExecutionListener@2d609c8a, org.springframework.boot.test.autoconfigure.webservices.client.MockWebServiceServerTestExecutionListener@619e017e, org.springframework.boot.test.mock.mockito.ResetMocksTestExecutionListener@5e969d85]
2020-11-12 16:29:13,023 INFO com.todo.TodoControllerTest [Test worker] Starting TodoControllerTest on DESKTOP-UNOV5A8 with PID 14552 (started by aruna in C:\siva\todo\todo-service)
2020-11-12 16:29:13,024 DEBUG com.todo.TodoControllerTest [Test worker] Running with Spring Boot v2.3.5.RELEASE, Spring v5.2.10.RELEASE
2020-11-12 16:29:13,026 INFO com.todo.TodoControllerTest [Test worker] No active profile set, falling back to default profiles: default
2020-11-12 16:29:14,564 INFO org.springframework.scheduling.concurrent.ThreadPoolTaskExecutor [Test worker] Initializing ExecutorService 'applicationTaskExecutor'
2020-11-12 16:29:14,878 INFO org.springframework.boot.test.mock.web.SpringBootMockServletContext [Test worker] Initializing Spring TestDispatcherServlet ''
2020-11-12 16:29:14,878 INFO org.springframework.test.web.servlet.TestDispatcherServlet [Test worker] Initializing Servlet ''
2020-11-12 16:29:14,893 INFO org.springframework.test.web.servlet.TestDispatcherServlet [Test worker] Completed initialization in 15 ms
2020-11-12 16:29:14,923 INFO com.todo.TodoControllerTest [Test worker] Started TodoControllerTest in 2.244 seconds (JVM running for 3.501)
2020-11-12 16:29:15,320 INFO org.springframework.scheduling.concurrent.ThreadPoolTaskExecutor [SpringContextShutdownHook] Shutting down ExecutorService 'applicationTaskExecutor'
2020-11-12 19:16:33,286 INFO com.todo.TodoServiceApplication [main] Starting TodoServiceApplication on DESKTOP-UNOV5A8 with PID 20424 (C:\siva\todo\todo-service\build\classes\java\main started by aruna in C:\siva\todo\todo-service)
2020-11-12 19:16:33,290 DEBUG com.todo.TodoServiceApplication [main] Running with Spring Boot v2.3.5.RELEASE, Spring v5.2.10.RELEASE
2020-11-12 19:16:33,291 INFO com.todo.TodoServiceApplication [main] No active profile set, falling back to default profiles: default
2020-11-12 19:16:34,573 INFO org.springframework.boot.web.embedded.tomcat.TomcatWebServer [main] Tomcat initialized with port(s): 9195 (http)
2020-11-12 19:16:34,590 INFO org.apache.coyote.http11.Http11NioProtocol [main] Initializing ProtocolHandler ["http-nio-9195"]
2020-11-12 19:16:34,590 INFO org.apache.catalina.core.StandardService [main] Starting service [Tomcat]
2020-11-12 19:16:34,590 INFO org.apache.catalina.core.StandardEngine [main] Starting Servlet engine: [Apache Tomcat/9.0.39]
2020-11-12 19:16:34,698 INFO org.apache.catalina.core.ContainerBase.[Tomcat].[localhost].[/] [main] Initializing Spring embedded WebApplicationContext
2020-11-12 19:16:34,698 INFO org.springframework.boot.web.servlet.context.ServletWebServerApplicationContext [main] Root WebApplicationContext: initialization completed in 1332 ms
2020-11-12 19:16:34,928 INFO org.springframework.scheduling.concurrent.ThreadPoolTaskExecutor [main] Initializing ExecutorService 'applicationTaskExecutor'
2020-11-12 19:16:35,155 INFO org.apache.coyote.http11.Http11NioProtocol [main] Starting ProtocolHandler ["http-nio-9195"]
2020-11-12 19:16:35,192 INFO org.springframework.boot.web.embedded.tomcat.TomcatWebServer [main] Tomcat started on port(s): 9195 (http) with context path ''
2020-11-12 19:16:35,209 INFO com.todo.TodoServiceApplication [main] Started TodoServiceApplication in 2.39 seconds (JVM running for 2.995)
2020-11-12 19:16:51,988 INFO org.apache.catalina.core.ContainerBase.[Tomcat].[localhost].[/] [http-nio-9195-exec-2] Initializing Spring DispatcherServlet 'dispatcherServlet'
2020-11-12 19:16:51,989 INFO org.springframework.web.servlet.DispatcherServlet [http-nio-9195-exec-2] Initializing Servlet 'dispatcherServlet'
2020-11-12 19:16:52,003 INFO org.springframework.web.servlet.DispatcherServlet [http-nio-9195-exec-2] Completed initialization in 14 ms
2020-11-12 19:27:48,181 INFO org.springframework.boot.test.autoconfigure.web.servlet.WebMvcTestContextBootstrapper [Test worker] Neither @ContextConfiguration nor @ContextHierarchy found for test class [com.todo.TodoControllerTest], using SpringBootContextLoader
2020-11-12 19:27:48,194 INFO org.springframework.test.context.support.AbstractContextLoader [Test worker] Could not detect default resource locations for test class [com.todo.TodoControllerTest]: no resource found for suffixes {-context.xml, Context.groovy}.
2020-11-12 19:27:48,196 INFO org.springframework.test.context.support.AnnotationConfigContextLoaderUtils [Test worker] Could not detect default configuration classes for test class [com.todo.TodoControllerTest]: TodoControllerTest does not declare any static, non-private, non-final, nested classes annotated with @Configuration.
2020-11-12 19:27:48,358 INFO org.springframework.boot.test.context.SpringBootTestContextBootstrapper [Test worker] Found @SpringBootConfiguration com.todo.TodoServiceApplication for test class com.todo.TodoControllerTest
2020-11-12 19:27:48,358 INFO org.springframework.boot.test.autoconfigure.web.servlet.WebMvcTestContextBootstrapper [Test worker] Loaded default TestExecutionListener class names from location [META-INF/spring.factories]: [org.springframework.boot.test.autoconfigure.restdocs.RestDocsTestExecutionListener, org.springframework.boot.test.autoconfigure.web.client.MockRestServiceServerResetTestExecutionListener, org.springframework.boot.test.autoconfigure.web.servlet.MockMvcPrintOnlyOnFailureTestExecutionListener, org.springframework.boot.test.autoconfigure.web.servlet.WebDriverTestExecutionListener, org.springframework.boot.test.autoconfigure.webservices.client.MockWebServiceServerTestExecutionListener, org.springframework.boot.test.mock.mockito.MockitoTestExecutionListener, org.springframework.boot.test.mock.mockito.ResetMocksTestExecutionListener, org.springframework.test.context.web.ServletTestExecutionListener, org.springframework.test.context.support.DirtiesContextBeforeModesTestExecutionListener, org.springframework.test.context.support.DependencyInjectionTestExecutionListener, org.springframework.test.context.support.DirtiesContextTestExecutionListener, org.springframework.test.context.transaction.TransactionalTestExecutionListener, org.springframework.test.context.jdbc.SqlScriptsTestExecutionListener, org.springframework.test.context.event.EventPublishingTestExecutionListener]
2020-11-12 19:27:48,375 INFO org.springframework.boot.test.autoconfigure.web.servlet.WebMvcTestContextBootstrapper [Test worker] Using TestExecutionListeners: [org.springframework.test.context.web.ServletTestExecutionListener@1d026797, org.springframework.test.context.support.DirtiesContextBeforeModesTestExecutionListener@3452c05d, org.springframework.boot.test.mock.mockito.MockitoTestExecutionListener@1a159253, org.springframework.boot.test.autoconfigure.SpringBootDependencyInjectionTestExecutionListener@12c57e79, org.springframework.test.context.support.DirtiesContextTestExecutionListener@1cf58d69, org.springframework.test.context.event.EventPublishingTestExecutionListener@3e87e682, org.springframework.boot.test.autoconfigure.restdocs.RestDocsTestExecutionListener@8367c0b, org.springframework.boot.test.autoconfigure.web.client.MockRestServiceServerResetTestExecutionListener@31b9edc2, org.springframework.boot.test.autoconfigure.web.servlet.MockMvcPrintOnlyOnFailureTestExecutionListener@117b059, org.springframework.boot.test.autoconfigure.web.servlet.WebDriverTestExecutionListener@25f50f, org.springframework.boot.test.autoconfigure.webservices.client.MockWebServiceServerTestExecutionListener@3bc81724, org.springframework.boot.test.mock.mockito.ResetMocksTestExecutionListener@45e12a62]
2020-11-12 19:27:48,848 INFO com.todo.TodoControllerTest [Test worker] Starting TodoControllerTest on DESKTOP-UNOV5A8 with PID 18720 (started by aruna in C:\siva\todo\todo-service)
2020-11-12 19:27:48,848 DEBUG com.todo.TodoControllerTest [Test worker] Running with Spring Boot v2.3.5.RELEASE, Spring v5.2.10.RELEASE
2020-11-12 19:27:48,848 INFO com.todo.TodoControllerTest [Test worker] No active profile set, falling back to default profiles: default
2020-11-12 19:27:50,657 INFO org.springframework.scheduling.concurrent.ThreadPoolTaskExecutor [Test worker] Initializing ExecutorService 'applicationTaskExecutor'
2020-11-12 19:27:51,016 INFO org.springframework.boot.test.mock.web.SpringBootMockServletContext [Test worker] Initializing Spring TestDispatcherServlet ''
2020-11-12 19:27:51,016 INFO org.springframework.test.web.servlet.TestDispatcherServlet [Test worker] Initializing Servlet ''
2020-11-12 19:27:51,033 INFO org.springframework.test.web.servlet.TestDispatcherServlet [Test worker] Completed initialization in 17 ms
2020-11-12 19:27:51,075 INFO com.todo.TodoControllerTest [Test worker] Started TodoControllerTest in 2.647 seconds (JVM running for 4.155)
2020-11-12 19:27:51,567 INFO org.springframework.scheduling.concurrent.ThreadPoolTaskExecutor [SpringContextShutdownHook] Shutting down ExecutorService 'applicationTaskExecutor'
2020-11-12 19:28:51,515 INFO org.springframework.boot.test.autoconfigure.web.servlet.WebMvcTestContextBootstrapper [Test worker] Neither @ContextConfiguration nor @ContextHierarchy found for test class [com.todo.TodoControllerTest], using SpringBootContextLoader
2020-11-12 19:28:51,523 INFO org.springframework.test.context.support.AbstractContextLoader [Test worker] Could not detect default resource locations for test class [com.todo.TodoControllerTest]: no resource found for suffixes {-context.xml, Context.groovy}.
2020-11-12 19:28:51,523 INFO org.springframework.test.context.support.AnnotationConfigContextLoaderUtils [Test worker] Could not detect default configuration classes for test class [com.todo.TodoControllerTest]: TodoControllerTest does not declare any static, non-private, non-final, nested classes annotated with @Configuration.
2020-11-12 19:28:51,666 INFO org.springframework.boot.test.context.SpringBootTestContextBootstrapper [Test worker] Found @SpringBootConfiguration com.todo.TodoServiceApplication for test class com.todo.TodoControllerTest
2020-11-12 19:28:51,676 INFO org.springframework.boot.test.autoconfigure.web.servlet.WebMvcTestContextBootstrapper [Test worker] Loaded default TestExecutionListener class names from location [META-INF/spring.factories]: [org.springframework.boot.test.autoconfigure.restdocs.RestDocsTestExecutionListener, org.springframework.boot.test.autoconfigure.web.client.MockRestServiceServerResetTestExecutionListener, org.springframework.boot.test.autoconfigure.web.servlet.MockMvcPrintOnlyOnFailureTestExecutionListener, org.springframework.boot.test.autoconfigure.web.servlet.WebDriverTestExecutionListener, org.springframework.boot.test.autoconfigure.webservices.client.MockWebServiceServerTestExecutionListener, org.springframework.boot.test.mock.mockito.MockitoTestExecutionListener, org.springframework.boot.test.mock.mockito.ResetMocksTestExecutionListener, org.springframework.test.context.web.ServletTestExecutionListener, org.springframework.test.context.support.DirtiesContextBeforeModesTestExecutionListener, org.springframework.test.context.support.DependencyInjectionTestExecutionListener, org.springframework.test.context.support.DirtiesContextTestExecutionListener, org.springframework.test.context.transaction.TransactionalTestExecutionListener, org.springframework.test.context.jdbc.SqlScriptsTestExecutionListener, org.springframework.test.context.event.EventPublishingTestExecutionListener]
2020-11-12 19:28:51,684 INFO org.springframework.boot.test.autoconfigure.web.servlet.WebMvcTestContextBootstrapper [Test worker] Using TestExecutionListeners: [org.springframework.test.context.web.ServletTestExecutionListener@1d026797, org.springframework.test.context.support.DirtiesContextBeforeModesTestExecutionListener@3452c05d, org.springframework.boot.test.mock.mockito.MockitoTestExecutionListener@1a159253, org.springframework.boot.test.autoconfigure.SpringBootDependencyInjectionTestExecutionListener@12c57e79, org.springframework.test.context.support.DirtiesContextTestExecutionListener@1cf58d69, org.springframework.test.context.event.EventPublishingTestExecutionListener@3e87e682, org.springframework.boot.test.autoconfigure.restdocs.RestDocsTestExecutionListener@8367c0b, org.springframework.boot.test.autoconfigure.web.client.MockRestServiceServerResetTestExecutionListener@31b9edc2, org.springframework.boot.test.autoconfigure.web.servlet.MockMvcPrintOnlyOnFailureTestExecutionListener@117b059, org.springframework.boot.test.autoconfigure.web.servlet.WebDriverTestExecutionListener@25f50f, org.springframework.boot.test.autoconfigure.webservices.client.MockWebServiceServerTestExecutionListener@3bc81724, org.springframework.boot.test.mock.mockito.ResetMocksTestExecutionListener@45e12a62]
2020-11-12 19:28:52,072 INFO com.todo.TodoControllerTest [Test worker] Starting TodoControllerTest on DESKTOP-UNOV5A8 with PID 5404 (started by aruna in C:\siva\todo\todo-service)
2020-11-12 19:28:52,072 DEBUG com.todo.TodoControllerTest [Test worker] Running with Spring Boot v2.3.5.RELEASE, Spring v5.2.10.RELEASE
2020-11-12 19:28:52,072 INFO com.todo.TodoControllerTest [Test worker] No active profile set, falling back to default profiles: default
2020-11-12 19:28:53,648 INFO org.springframework.scheduling.concurrent.ThreadPoolTaskExecutor [Test worker] Initializing ExecutorService 'applicationTaskExecutor'
2020-11-12 19:28:53,994 INFO org.springframework.boot.test.mock.web.SpringBootMockServletContext [Test worker] Initializing Spring TestDispatcherServlet ''
2020-11-12 19:28:53,994 INFO org.springframework.test.web.servlet.TestDispatcherServlet [Test worker] Initializing Servlet ''
2020-11-12 19:28:54,020 INFO org.springframework.test.web.servlet.TestDispatcherServlet [Test worker] Completed initialization in 26 ms
2020-11-12 19:28:54,052 INFO com.todo.TodoControllerTest [Test worker] Started TodoControllerTest in 2.322 seconds (JVM running for 3.591)
2020-11-12 19:28:54,515 INFO org.springframework.scheduling.concurrent.ThreadPoolTaskExecutor [SpringContextShutdownHook] Shutting down ExecutorService 'applicationTaskExecutor'
2020-11-12 19:36:59,924 INFO org.springframework.boot.test.context.SpringBootTestContextBootstrapper [Test worker] Neither @ContextConfiguration nor @ContextHierarchy found for test class [com.todo.TodoServiceApplicationTests], using SpringBootContextLoader
2020-11-12 19:36:59,924 INFO org.springframework.test.context.support.AbstractContextLoader [Test worker] Could not detect default resource locations for test class [com.todo.TodoServiceApplicationTests]: no resource found for suffixes {-context.xml, Context.groovy}.
2020-11-12 19:36:59,941 INFO org.springframework.test.context.support.AnnotationConfigContextLoaderUtils [Test worker] Could not detect default configuration classes for test class [com.todo.TodoServiceApplicationTests]: TodoServiceApplicationTests does not declare any static, non-private, non-final, nested classes annotated with @Configuration.
2020-11-12 19:37:00,111 INFO org.springframework.boot.test.context.SpringBootTestContextBootstrapper [Test worker] Found @SpringBootConfiguration com.todo.TodoServiceApplication for test class com.todo.TodoServiceApplicationTests
2020-11-12 19:37:00,262 INFO org.springframework.boot.test.context.SpringBootTestContextBootstrapper [Test worker] Loaded default TestExecutionListener class names from location [META-INF/spring.factories]: [org.springframework.boot.test.autoconfigure.restdocs.RestDocsTestExecutionListener, org.springframework.boot.test.autoconfigure.web.client.MockRestServiceServerResetTestExecutionListener, org.springframework.boot.test.autoconfigure.web.servlet.MockMvcPrintOnlyOnFailureTestExecutionListener, org.springframework.boot.test.autoconfigure.web.servlet.WebDriverTestExecutionListener, org.springframework.boot.test.autoconfigure.webservices.client.MockWebServiceServerTestExecutionListener, org.springframework.boot.test.mock.mockito.MockitoTestExecutionListener, org.springframework.boot.test.mock.mockito.ResetMocksTestExecutionListener, org.springframework.test.context.web.ServletTestExecutionListener, org.springframework.test.context.support.DirtiesContextBeforeModesTestExecutionListener, org.springframework.test.context.support.DependencyInjectionTestExecutionListener, org.springframework.test.context.support.DirtiesContextTestExecutionListener, org.springframework.test.context.transaction.TransactionalTestExecutionListener, org.springframework.test.context.jdbc.SqlScriptsTestExecutionListener, org.springframework.test.context.event.EventPublishingTestExecutionListener]
2020-11-12 19:37:00,279 INFO org.springframework.boot.test.context.SpringBootTestContextBootstrapper [Test worker] Using TestExecutionListeners: [org.springframework.test.context.web.ServletTestExecutionListener@5471a867, org.springframework.test.context.support.DirtiesContextBeforeModesTestExecutionListener@7e80ca32, org.springframework.boot.test.mock.mockito.MockitoTestExecutionListener@4d140df0, org.springframework.boot.test.autoconfigure.SpringBootDependencyInjectionTestExecutionListener@5a0241f5, org.springframework.test.context.support.DirtiesContextTestExecutionListener@369e842, org.springframework.test.context.event.EventPublishingTestExecutionListener@7bc06347, org.springframework.boot.test.autoconfigure.restdocs.RestDocsTestExecutionListener@16569a42, org.springframework.boot.test.autoconfigure.web.client.MockRestServiceServerResetTestExecutionListener@5e136c94, org.springframework.boot.test.autoconfigure.web.servlet.MockMvcPrintOnlyOnFailureTestExecutionListener@1274a4ec, org.springframework.boot.test.autoconfigure.web.servlet.WebDriverTestExecutionListener@6ad637be, org.springframework.boot.test.autoconfigure.webservices.client.MockWebServiceServerTestExecutionListener@4870242c, org.springframework.boot.test.mock.mockito.ResetMocksTestExecutionListener@d42867a]
2020-11-12 19:37:00,601 INFO com.todo.TodoServiceApplicationTests [Test worker] Starting TodoServiceApplicationTests on DESKTOP-UNOV5A8 with PID 2460 (started by aruna in C:\siva\todo\todo-service)
2020-11-12 19:37:00,609 DEBUG com.todo.TodoServiceApplicationTests [Test worker] Running with Spring Boot v2.3.5.RELEASE, Spring v5.2.10.RELEASE
2020-11-12 19:37:00,609 INFO com.todo.TodoServiceApplicationTests [Test worker] No active profile set, falling back to default profiles: default
2020-11-12 19:37:02,093 INFO org.springframework.scheduling.concurrent.ThreadPoolTaskExecutor [Test worker] Initializing ExecutorService 'applicationTaskExecutor'
2020-11-12 19:37:02,444 INFO com.todo.TodoServiceApplicationTests [Test worker] Started TodoServiceApplicationTests in 2.11 seconds (JVM running for 3.576)
2020-11-12 19:37:03,002 INFO org.springframework.scheduling.concurrent.ThreadPoolTaskExecutor [SpringContextShutdownHook] Shutting down ExecutorService 'applicationTaskExecutor'
2020-11-12 19:37:13,970 INFO org.springframework.boot.test.autoconfigure.web.servlet.WebMvcTestContextBootstrapper [Test worker] Neither @ContextConfiguration nor @ContextHierarchy found for test class [com.todo.TodoControllerTest], using SpringBootContextLoader
2020-11-12 19:37:13,978 INFO org.springframework.test.context.support.AbstractContextLoader [Test worker] Could not detect default resource locations for test class [com.todo.TodoControllerTest]: no resource found for suffixes {-context.xml, Context.groovy}.
2020-11-12 19:37:13,978 INFO org.springframework.test.context.support.AnnotationConfigContextLoaderUtils [Test worker] Could not detect default configuration classes for test class [com.todo.TodoControllerTest]: TodoControllerTest does not declare any static, non-private, non-final, nested classes annotated with @Configuration.
2020-11-12 19:37:14,197 INFO org.springframework.boot.test.context.SpringBootTestContextBootstrapper [Test worker] Found @SpringBootConfiguration com.todo.TodoServiceApplication for test class com.todo.TodoControllerTest
2020-11-12 19:37:14,205 INFO org.springframework.boot.test.autoconfigure.web.servlet.WebMvcTestContextBootstrapper [Test worker] Loaded default TestExecutionListener class names from location [META-INF/spring.factories]: [org.springframework.boot.test.autoconfigure.restdocs.RestDocsTestExecutionListener, org.springframework.boot.test.autoconfigure.web.client.MockRestServiceServerResetTestExecutionListener, org.springframework.boot.test.autoconfigure.web.servlet.MockMvcPrintOnlyOnFailureTestExecutionListener, org.springframework.boot.test.autoconfigure.web.servlet.WebDriverTestExecutionListener, org.springframework.boot.test.autoconfigure.webservices.client.MockWebServiceServerTestExecutionListener, org.springframework.boot.test.mock.mockito.MockitoTestExecutionListener, org.springframework.boot.test.mock.mockito.ResetMocksTestExecutionListener, org.springframework.test.context.web.ServletTestExecutionListener, org.springframework.test.context.support.DirtiesContextBeforeModesTestExecutionListener, org.springframework.test.context.support.DependencyInjectionTestExecutionListener, org.springframework.test.context.support.DirtiesContextTestExecutionListener, org.springframework.test.context.transaction.TransactionalTestExecutionListener, org.springframework.test.context.jdbc.SqlScriptsTestExecutionListener, org.springframework.test.context.event.EventPublishingTestExecutionListener]
2020-11-12 19:37:14,222 INFO org.springframework.boot.test.autoconfigure.web.servlet.WebMvcTestContextBootstrapper [Test worker] Using TestExecutionListeners: [org.springframework.test.context.web.ServletTestExecutionListener@1d026797, org.springframework.test.context.support.DirtiesContextBeforeModesTestExecutionListener@3452c05d, org.springframework.boot.test.mock.mockito.MockitoTestExecutionListener@1a159253, org.springframework.boot.test.autoconfigure.SpringBootDependencyInjectionTestExecutionListener@12c57e79, org.springframework.test.context.support.DirtiesContextTestExecutionListener@1cf58d69, org.springframework.test.context.event.EventPublishingTestExecutionListener@3e87e682, org.springframework.boot.test.autoconfigure.restdocs.RestDocsTestExecutionListener@8367c0b, org.springframework.boot.test.autoconfigure.web.client.MockRestServiceServerResetTestExecutionListener@31b9edc2, org.springframework.boot.test.autoconfigure.web.servlet.MockMvcPrintOnlyOnFailureTestExecutionListener@117b059, org.springframework.boot.test.autoconfigure.web.servlet.WebDriverTestExecutionListener@25f50f, org.springframework.boot.test.autoconfigure.webservices.client.MockWebServiceServerTestExecutionListener@3bc81724, org.springframework.boot.test.mock.mockito.ResetMocksTestExecutionListener@45e12a62]
2020-11-12 19:37:14,655 INFO com.todo.TodoControllerTest [Test worker] Starting TodoControllerTest on DESKTOP-UNOV5A8 with PID 23028 (started by aruna in C:\siva\todo\todo-service)
2020-11-12 19:37:14,655 DEBUG com.todo.TodoControllerTest [Test worker] Running with Spring Boot v2.3.5.RELEASE, Spring v5.2.10.RELEASE
2020-11-12 19:37:14,663 INFO com.todo.TodoControllerTest [Test worker] No active profile set, falling back to default profiles: default
2020-11-12 19:37:16,170 INFO org.springframework.scheduling.concurrent.ThreadPoolTaskExecutor [Test worker] Initializing ExecutorService 'applicationTaskExecutor'
2020-11-12 19:37:16,491 INFO org.springframework.boot.test.mock.web.SpringBootMockServletContext [Test worker] Initializing Spring TestDispatcherServlet ''
2020-11-12 19:37:16,491 INFO org.springframework.test.web.servlet.TestDispatcherServlet [Test worker] Initializing Servlet ''
2020-11-12 19:37:16,509 INFO org.springframework.test.web.servlet.TestDispatcherServlet [Test worker] Completed initialization in 18 ms
2020-11-12 19:37:16,551 INFO com.todo.TodoControllerTest [Test worker] Started TodoControllerTest in 2.272 seconds (JVM running for 3.649)
2020-11-12 19:37:17,002 INFO org.springframework.scheduling.concurrent.ThreadPoolTaskExecutor [SpringContextShutdownHook] Shutting down ExecutorService 'applicationTaskExecutor'
